2025-03-18 12:30:22,497 - INFO - IQ Option Bot started
2025-03-18 12:30:22,497 - INFO - Initializing in default mode
2025-03-18 12:38:59,402 - INFO - IQ Option Bot started
2025-03-18 12:38:59,402 - INFO - Initializing in default mode
2025-03-18 12:45:59,733 - INFO - IQ Option Bot started
2025-03-18 12:45:59,733 - INFO - Initializing in default mode
2025-03-18 13:09:30,953 - INFO - IQ Option Bot started
2025-03-18 13:09:30,953 - INFO - Initializing in default mode
2025-03-18 13:09:31,066 - INFO - Auto-switch to REAL mode set to: False
2025-03-18 13:09:31,066 - INFO - Bot running in TEST mode
2025-03-18 13:09:31,066 - INFO - Timezone: UTC
2025-03-18 13:09:31,066 - INFO - Available assets: EURUSD, GBPUSD, USDJPY
2025-03-20 08:00:35,631 - DEBUG - Importing os
2025-03-20 08:00:35,645 - DEBUG - Importing argparse
2025-03-20 08:00:35,645 - DEBUG - Importing time
2025-03-20 08:00:35,647 - DEBUG - Importing signal
2025-03-20 08:00:35,647 - DEBUG - Importing sys
2025-03-20 08:00:35,648 - DEBUG - Importing contextlib
2025-03-20 08:00:35,652 - DEBUG - Importing typing
2025-03-20 08:00:35,653 - DEBUG - Importing datetime
2025-03-20 08:00:35,665 - DEBUG - Importing json
2025-03-20 08:00:35,665 - DEBUG - Importing pandas
2025-03-20 08:00:37,768 - DEBUG - Pandas imported successfully
2025-03-20 08:00:37,768 - DEBUG - Importing numpy
2025-03-20 08:00:37,768 - DEBUG - Numpy imported successfully
2025-03-20 08:00:37,769 - DEBUG - Importing dotenv
2025-03-20 08:00:37,783 - DEBUG - Dotenv imported successfully
2025-03-20 08:00:37,783 - DEBUG - Importing configparser
2025-03-20 08:00:37,797 - DEBUG - Configparser imported successfully
2025-03-20 08:00:37,798 - DEBUG - Importing Inteligencia
